   0.0000000    
  3.94788309E-08
  7.90351820E-08
  1.24034884E-07
  4.33155492E-07
  1.33197329E-06
  3.41027271E-06
  8.42741974E-06
  1.97853824E-05
  4.48900064E-05
  9.82833008E-05
  2.07785488E-04
  4.23969148E-04
  8.35199200E-04
  1.58902665E-03
  2.92014517E-03
  5.18471329E-03
  8.89615249E-03
  1.47565482E-02
  2.36717202E-02
  3.67377661E-02
  5.51868454E-02
  8.02835748E-02
  0.11317459    
  0.15470356    
  0.20522057    
  0.26442307    
  0.33126631    
  0.40397567    
  0.48017249    
  0.55710292    
  0.63193291    
  0.70205712    
  0.76536727    
  0.82043451    
  0.86658007    
  0.90383494    
  0.93281144    
  0.95452458    
  0.97020012    
  0.98110288    
  0.98840833    
  0.99312437    
  0.99605769    
  0.99781525    
  0.99882966    
  0.99939394    
  0.99969620    
  0.99985230    
  0.99992985    
  0.99996686    
  0.99998397    
  0.99999160    
  0.99999475    
  0.99999607    
  0.99999636    
  0.99999678    
  0.99999666    
  0.99999660    
  0.99999666    
  0.99999660    
  0.99999648    
  0.99999630    
  0.99999636    
  0.99999648    
  0.99999636    
  0.99999624    
  0.99999613    
  0.99999619    
  0.99999619    
  0.99999601    
  0.99999613    
  0.99999613    
  0.99999607    
  0.99999583    
  0.99999583    
  0.99999577    
  0.99999571    
  0.99999553    
  0.99999547    
  0.99999553    
  0.99999541    
  0.99999535    
  0.99999523    
  0.99999517    
  0.99999523    
  0.99999505    
  0.99999499    
  0.99999499    
  0.99999499    
  0.99999493    
  0.99999481    
  0.99999487    
  0.99999470    
  0.99999470    
  0.99999458    
  0.99999446    
  0.99999446    
  0.99999440    
  0.99999428    
  0.99999416    
  0.99999410    
  0.99999410    
  0.99999398    
  0.99999410    
  0.99999392    
  0.99999386    
  0.99999380    
  0.99999362    
  0.99999362    
  0.99999362    
  0.99999344    
  0.99999350    
  0.99999326    
  0.99999321    
  0.99999309    
  0.99999309    
  0.99999309    
  0.99999297    
  0.99999291    
  0.99999297    
  0.99999285    
  0.99999279    
  0.99999291    
  0.99999285    
  0.99999273    
  0.99999255    
  0.99999255    
  0.99999261    
  0.99999261    
  0.99999249    
  0.99999225    
  0.99999231    
  0.99999237    
  0.99999225    
  0.99999219    
  0.99999213    
  0.99999213    
  0.99999201    
  0.99999195    
  0.99999189    
  0.99999166    
  0.99999177    
  0.99999160    
  0.99999160    
  0.99999142    
  0.99999136    
  0.99999124    
  0.99999124    
  0.99999118    
  0.99999094    
  0.99999100    
  0.99999106    
  0.99999094    
  0.99999100    
  0.99999088    
  0.99999094    
  0.99999076    
  0.99999076    
  0.99999082    
  0.99999064    
  0.99999070    
  0.99999058    
  0.99999046    
  0.99999046    
  0.99999040    
  0.99999028    
  0.99999034    
  0.99999022    
  0.99999017    
  0.99999005    
  0.99998993    
  0.99998993    
  0.99998987    
  0.99998993    
  0.99998987    
  0.99998975    
  0.99998969    
  0.99998963    
  0.99998945    
  0.99998951    
  0.99998939    
  0.99998933    
  0.99998933    
  0.99998933    
  0.99998921    
  0.99998921    
  0.99998921    
  0.99998915    
  0.99998909    
  0.99998921    
  0.99998915    
  0.99998915    
  0.99998891    
  0.99998903    
  0.99998873    
  0.99998868    
  0.99998885    
  0.99998879    
  0.99998873    
  0.99998868    
  0.99998850    
  0.99998844    
  0.99998838    
  0.99998826    
  0.99998820    
  0.99998808    
  0.99998796    
  0.99998796    
  0.99998802    
  0.99998784    
  0.99998778    
  0.99998766    
  0.99998760    
  0.99998754    
  0.99998754    
  0.99998736    
  0.99998736    
  0.99998736    
  0.99998713    
  0.99998719    
  0.99998719    
  0.99998719    
  0.99998707    
  0.99998701    
  0.99998701    
  0.99998701    
  0.99998683    
  0.99998677    
  0.99998665    
  0.99998665    
  0.99998665    
  0.99998659    
  0.99998653    
  0.99998647    
  0.99998635    
  0.99998635    
  0.99998623    
  0.99998623    
  0.99998629    
  0.99998617    
  0.99998611    
  0.99998599    
  0.99998587    
  0.99998587    
  0.99998587    
  0.99998575    
  0.99998575    
  0.99998581    
  0.99998564    
  0.99998558    
  0.99998558    
  0.99998558    
  0.99998552    
  0.99998540    
  0.99998558    
  0.99998546    
  0.99998546    
  0.99998534    
  0.99998510    
  0.99998516    
  0.99998522    
  0.99998516    
  0.99998522    
  0.99998498    
  0.99998492    
  0.99998492    
  0.99998498    
  0.99998492    
  0.99998474    
  0.99998474    
  0.99998462    
  0.99998456    
  0.99998462    
  0.99998444    
  0.99998438    
  0.99998432    
  0.99998432    
  0.99998415    
  0.99998415    
  0.99998397    
  0.99998397    
  0.99998409    
  0.99998397    
  0.99998403    
  0.99998397    
  0.99998397    
  0.99998397    
  0.99998391    
  0.99998385    
  0.99998373    
  0.99998361    
  0.99998367    
  0.99998349    
  0.99998343    
  0.99998343    
  0.99998337    
  0.99998325    
  0.99998313    
  0.99998319    
  0.99998301    
  0.99998313    
  0.99998307    
  0.99998307    
  0.99998301    
  0.99998295    
  0.99998295    
  0.99998271    
  0.99998283    
  0.99998277    
  0.99998271    
  0.99998260    
  0.99998260    
  0.99998248    
  0.99998242    
  0.99998242    
  0.99998254    
  0.99998230    
  0.99998236    
  0.99998230    
  0.99998206    
  0.99998212    
  0.99998200    
  0.99998176    
  0.99998188    
  0.99998176    
  0.99998176    
  0.99998188    
  0.99998164    
  0.99998152    
  0.99998158    
  0.99998146    
  0.99998152    
  0.99998134    
  0.99998134    
  0.99998128    
  0.99998116    
  0.99998122    
  0.99998099    
  0.99998093    
  0.99998087    
  0.99998081    
  0.99998075    
  0.99998069    
  0.99998045    
  0.99998057    
  0.99998063    
  0.99998051    
  0.99998057    
  0.99998057    
  0.99998033    
  0.99998027    
  0.99998027    
  0.99998039    
  0.99998021    
  0.99998009    
  0.99998003    
  0.99997985    
  0.99997991    
  0.99997985    
  0.99997997    
  0.99997979    
  0.99997967    
  0.99997967    
  0.99997944    
  0.99997944    
  0.99997950    
  0.99997938    
  0.99997950    
  0.99997932    
  0.99997908    
  0.99997890    
  0.99997902    
  0.99997908    
  0.99997890    
  0.99997878    
  0.99997860    
  0.99997866    
  0.99997872    
  0.99997866    
  0.99997848    
  0.99997866    
  0.99997860    
  0.99997872    
  0.99997842    
  0.99997836    
  0.99997842    
  0.99997807    
  0.99997824    
  0.99997807    
  0.99997813    
  0.99997818    
  0.99997789    
  0.99997789    
  0.99997789    
  0.99997777    
  0.99997771    
  0.99997753    
  0.99997771    
  0.99997747    
  0.99997759    
  0.99997747    
  0.99997735    
  0.99997729    
  0.99997729    
  0.99997711    
  0.99997717    
  0.99997705    
  0.99997693    
  0.99997711    
  0.99997717    
  0.99997699    
  0.99997705    
  0.99997687    
  0.99997699    
  0.99997699    
  0.99997669    
  0.99997669    
  0.99997663    
  0.99997658    
  0.99997658    
  0.99997628    
  0.99997628    
  0.99997634    
  0.99997616    
  0.99997622    
  0.99997616    
  0.99997598    
  0.99997586    
  0.99997586    
  0.99997604    
  0.99997592    
  0.99997580    
  0.99997586    
  0.99997568    
  0.99997562    
  0.99997568    
  0.99997538    
  0.99997532    
  0.99997532    
  0.99997532    
  0.99997526    
  0.99997532    
  0.99997509    
  0.99997503    
  0.99997514    
  0.99997526    
  0.99997514    
  0.99997497    
  0.99997497    
  0.99997479    
  0.99997479    
  0.99997455    
  0.99997467    
  0.99997485    
  0.99997473    
  0.99997455    
  0.99997455    
  0.99997455    
  0.99997443    
  0.99997431    
  0.99997437    
  0.99997431    
  0.99997425    
  0.99997419    
  0.99997401    
  0.99997389    
  0.99997371    
  0.99997371    
  0.99997377    
  0.99997383    
  0.99997360    
  0.99997336    
  0.99997354    
  0.99997354    
  0.99997330    
  0.99997354    
  0.99997354    
  0.99997360    
  0.99997348    
  0.99997330    
  0.99997342    
  0.99997324    
  0.99997318    
  0.99997312    
  0.99997282    
  0.99997300    
  0.99997276    
  0.99997288    
  0.99997258    
  0.99997270    
  0.99997276    
  0.99997264    
  0.99997252    
  0.99997288    
  0.99997264    
  0.99997264    
  0.99997258    
  0.99997240    
  0.99997228    
  0.99997252    
  0.99997240    
  0.99997216    
  0.99997222    
  0.99997211    
  0.99997216    
  0.99997205    
  0.99997193    
  0.99997193    
  0.99997216    
  0.99997193    
  0.99997211    
  0.99997151    
  0.99997163    
  0.99997169    
  0.99997133    
  0.99997127    
  0.99997127    
  0.99997139    
  0.99997145    
  0.99997115    
  0.99997115    
  0.99997103    
  0.99997109    
  0.99997109    
  0.99997091    
  0.99997097    
  0.99997097    
  0.99997073    
  0.99997067    
  0.99997067    
  0.99997056    
  0.99997050    
  0.99997038    
  0.99997038    
  0.99997026    
  0.99997008    
  0.99997026    
  0.99997050    
  0.99997020    
  0.99997020    
  0.99997014    
  0.99997008    
  0.99997038    
  0.99996990    
  0.99997008    
  0.99996978    
  0.99997014    
  0.99996996    
  0.99996972    
  0.99996978    
  0.99996984    
  0.99996984    
  0.99996954    
  0.99996966    
  0.99996948    
  0.99996948    
  0.99996924    
  0.99996918    
  0.99996895    
  0.99996930    
  0.99996907    
  0.99996889    
  0.99996883    
  0.99996871    
  0.99996835    
  0.99996883    
  0.99996853    
  0.99996859    
  0.99996823    
  0.99996835    
  0.99996811    
  0.99996829    
  0.99996793    
  0.99996835    
  0.99996829    
  0.99996781    
  0.99996841    
  0.99996811    
  0.99996740    
  0.99996746    
  0.99996763    
  0.99996799    
  0.99996758    
  0.99996752    
  0.99996734    
  0.99996746    
  0.99996716    
  0.99996722    
  0.99996692    
  0.99996710    
  0.99996698    
  0.99996686    
  0.99996692    
  0.99996716    
  0.99996692    
  0.99996656    
  0.99996662    
  0.99996656    
  0.99996674    
  0.99996644    
  0.99996644    
  0.99996638    
  0.99996608    
  0.99996603    
  0.99996603    
  0.99996573    
  0.99996591    
  0.99996591    
  0.99996597    
  0.99996608    
  0.99996591    
  0.99996555    
  0.99996549    
  0.99996597    
  0.99996537    
  0.99996543    
  0.99996567    
  0.99996537    
  0.99996537    
  0.99996513    
  0.99996543    
  0.99996525    
  0.99996513    
  0.99996543    
  0.99996543    
  0.99996525    
  0.99996501    
  0.99996471    
  0.99996471    
  0.99996483    
  0.99996525    
  0.99996513    
  0.99996489    
  0.99996477    
  0.99996465    
  0.99996471    
  0.99996477    
  0.99996465    
  0.99996483    
  0.99996406    
  0.99996454    
  0.99996454    
  0.99996382    
  0.99996358    
  0.99996388    
  0.99996400    
  0.99996400    
  0.99996370    
  0.99996382    
  0.99996388    
  0.99996376    
  0.99996346    
  0.99996305    
  0.99996364    
  0.99996340    
  0.99996316    
  0.99996334    
  0.99996310    
  0.99996328    
  0.99996269    
  0.99996287    
  0.99996293    
  0.99996293    
  0.99996287    
  0.99996275    
  0.99996293    
  0.99996275    
  0.99996281    
  0.99996257    
  0.99996245    
  0.99996245    
  0.99996227    
  0.99996227    
  0.99996233    
  0.99996221    
  0.99996191    
  0.99996173    
  0.99996191    
  0.99996203    
  0.99996179    
  0.99996203    
  0.99996173    
  0.99996179    
  0.99996138    
  0.99996179    
  0.99996179    
  0.99996126    
  0.99996126    
  0.99996173    
  0.99996138    
  0.99996161    
  0.99996114    
  0.99996102    
  0.99996102    
  0.99996102    
  0.99996096    
  0.99996090    
  0.99996096    
  0.99996030    
  0.99996084    
  0.99996066    
  0.99996090    
  0.99996054    
  0.99996036    
  0.99996072    
  0.99996084    
  0.99996036    
  0.99995995    
  0.99996042    
  0.99996042    
  0.99996066    
  0.99996054    
  0.99996012    
  0.99996042    
  0.99996066    
  0.99996036    
  0.99995977    
  0.99996024    
  0.99996001    
  0.99996001    
  0.99996006    
  0.99996006    
  0.99995977    
  0.99995947    
  0.99995941    
  0.99995953    
  0.99995971    
  0.99995935    
  0.99995953    
  0.99995965    
  0.99995899    
  0.99995911    
  0.99995887    
  0.99995893    
  0.99995875    
  0.99995846    
  0.99995863    
  0.99995899    
  0.99995863    
  0.99995857    
  0.99995834    
  0.99995863    
  0.99995875    
  0.99995881    
  0.99995923    
  0.99995857    
  0.99995869    
  0.99995869    
  0.99995822    
  0.99995911    
  0.99995834    
  0.99995875    
  0.99995893    
  0.99995804    
  0.99995816    
  0.99995822    
  0.99995798    
  0.99995756    
  0.99995822    
  0.99995804    
  0.99995792    
  0.99995762    
  0.99995798    
  0.99995762    
  0.99995810    
  0.99995762    
  0.99995768    
  0.99995637    
  0.99995714    
  0.99995703    
  0.99995726    
  0.99995649    
  0.99995637    
  0.99995697    
  0.99995714    
  0.99995673    
  0.99995661    
  0.99995661    
  0.99995720    
  0.99995649    
  0.99995595    
  0.99995673    
  0.99995714    
  0.99995649    
  0.99995655    
  0.99995661    
  0.99995679    
  0.99995607    
  0.99995589    
  0.99995631    
  0.99995637    
  0.99995613    
  0.99995673    
  0.99995673    
  0.99995613    
  0.99995625    
  0.99995637    
  0.99995595    
  0.99995619    
  0.99995607    
  0.99995601    
  0.99995548    
  0.99995595    
  0.99995553    
  0.99995559    
  0.99995518    
  0.99995595    
  0.99995565    
  0.99995548    
  0.99995530    
  0.99995506    
  0.99995470    
  0.99995512    
  0.99995530    
  0.99995542    
  0.99995530    
  0.99995595    
  0.99995512    
  0.99995530    
  0.99995464    
  0.99995393    
  0.99995458    
  0.99995410    
  0.99995399    
  0.99995363    
  0.99995393    
  0.99995345    
  0.99995363    
  0.99995387    
  0.99995333    
  0.99995375    
  0.99995273    
  0.99995357    
  0.99995339    
  0.99995327    
  0.99995291    
  0.99995244    
  0.99995321    
  0.99995387    
  0.99995285    
  0.99995297    
  0.99995273    
  0.99995309    
  0.99995297    
  0.99995285    
  0.99995285    
  0.99995267    
  0.99995285    
  0.99995321    
  0.99995321    
  0.99995232    
  0.99995250    
  0.99995261    
  0.99995250    
  0.99995273    
  0.99995238    
  0.99995273    
  0.99995255    
  0.99995184    
  0.99995255    
  0.99995190    
  0.99995190    
  0.99995172    
  0.99995130    
  0.99995190    
  0.99995190    
  0.99995166    
  0.99995142    
  0.99995095    
  0.99995112    
  0.99995112    
  0.99995083    
  0.99995148    
  0.99995118    
  0.99995148    
  0.99995130    
  0.99995059    
  0.99995071    
  0.99995095    
  0.99995190    
  0.99995124    
  0.99995077    
  0.99995047    
  0.99995065    
  0.99995017    
  0.99994981    
  0.99995089    
  0.99995011    
  0.99995077    
  0.99995095    
  0.99995065    
  0.99995017    
  0.99995035    
  0.99995023    
  0.99995071    
  0.99994892    
  0.99995017    
  0.99994993    
  0.99994928    
  0.99994886    
  0.99994904    
  0.99994975    
  0.99994928    
  0.99994898    
  0.99994957    
  0.99994946    
  0.99994969    
  0.99994922    
  0.99994868    
  0.99994904    
  0.99994874    
  0.99994874    
  0.99994934    
  0.99994957    
  0.99994910    
  0.99994862    
  0.99994886    
  0.99994832    
  0.99994802    
  0.99994826    
  0.99994850    
  0.99994922    
  0.99994922    
  0.99994850    
  0.99994808    
  0.99994802    
  0.99994808    
  0.99994695    
  0.99994725    
  0.99994707    
  0.99994797    
  0.99994695    
  0.99994612    
  0.99994671    
  0.99994671    
  0.99994648    
  0.99994737    
  0.99994671    
  0.99994755    
  0.99994636    
  0.99994636    
  0.99994659    
  0.99994630    
  0.99994719    
  0.99994737    
  0.99994683    
  0.99994648    
  0.99994624    
  0.99994576    
  0.99994528    
  0.99994534    
  0.99994576    
  0.99994510    
  0.99994612    
  0.99994576    
  0.99994516    
  0.99994612    
  0.99994576    
  0.99994528    
  0.99994534    
  0.99994576    
  0.99994516    
  0.99994510    
  0.99994433    
  0.99994522    
  0.99994493    
  0.99994504    
  0.99994516    
  0.99994528    
  0.99994475    
  0.99994504    
  0.99994504    
  0.99994493    
  0.99994498    
  0.99994451    
  0.99994487    
  0.99994493    
  0.99994504    
  0.99994409    
  0.99994367    
  0.99994427    
  0.99994391    
  0.99994349    
  0.99994379    
  0.99994421    
  0.99994385    
  0.99994421    
  0.99994457    
  0.99994463    
  0.99994326    
  0.99994326    
  0.99994230    
  0.99994326    
  0.99994272    
  0.99994284    
  0.99994206    
  0.99994147    
  0.99994195    
  0.99994129    
  0.99994284    
  0.99994302    
  0.99994206    
  0.99994266    
  0.99994248    
  0.99994141    
  0.99994200    
  0.99994236    
  0.99994326    
  0.99994260    
  0.99994195    
  0.99994165    
  0.99994195    
  0.99994242    
  0.99994063    
  0.99994195    
  0.99994284    
  0.99994206    
  0.99994230    
  0.99994230    
  0.99994171    
  0.99994266    
  0.99994081    
  0.99994230    
