   0.0000000    
  1.34938958E-08
  2.01543315E-08
  4.84198814E-08
  6.99233951E-08
  9.28161015E-08
  1.24414058E-07
  1.27933163E-07
  1.59117263E-07
  1.70898375E-07
  1.74600814E-07
  1.76186290E-07
  1.67330072E-07
  1.55167371E-07
  1.44906011E-07
  1.36293636E-07
  1.47928333E-07
  1.27104869E-07
  9.99462131E-08
  5.99880323E-08
  8.10503167E-08
  5.99756405E-08
  1.41646019E-08
  2.85330319E-08
  5.92372018E-08
  6.89288981E-08
  9.78933130E-08
  1.26110322E-07
  1.78085273E-07
  2.10043893E-07
  2.31694642E-07
  2.39897133E-07
  2.36096312E-07
  2.12356625E-07
  1.61439900E-07
  1.02920765E-07
  5.85482383E-08
  1.36039313E-08
 -3.54194007E-08
 -4.95016046E-08
 -5.22483425E-08
 -4.05774294E-08
 -2.88660527E-08
  3.17785909E-09
  4.54036559E-08
  7.65341426E-08
  1.21975006E-07
  1.59298594E-07
  1.65837235E-07
  1.19352833E-07
  1.29690534E-07
  8.61310667E-08
  4.80457452E-08
 -4.08011935E-09
 -2.54389381E-08
 -4.46833575E-08
 -8.62867680E-08
 -7.85154626E-08
 -9.00967692E-08
 -7.03022422E-08
 -3.99057356E-08
 -1.21809096E-08
  2.19812080E-08
  4.12704573E-08
  6.30827799E-08
  8.00610920E-08
  1.10751522E-07
  1.09955963E-07
  1.18792450E-07
  1.29352912E-07
  1.18152258E-07
  1.21474656E-07
  1.34782638E-07
  1.25244725E-07
  1.01514942E-07
  7.85485668E-08
  7.12188211E-08
  4.64016274E-08
  3.68706630E-08
  4.60787213E-08
  6.29277679E-08
  8.46928359E-08
  1.12651172E-07
  1.14866360E-07
  1.31338098E-07
  1.58735205E-07
  1.57539631E-07
  2.34764542E-07
  4.88698788E-07
  1.09091411E-06
  2.78057519E-06
  7.27660063E-06
  1.86625512E-05
  4.64991426E-05
  1.11902198E-04
  2.59619439E-04
  5.80543885E-04
  1.25051325E-03
  2.59493827E-03
  5.18738152E-03
  9.98932309E-03
  1.85305476E-02
  3.31134349E-02
  5.70013411E-02
  9.45215821E-02
  0.15098739    
  0.23233494    
  0.34439194    
  0.49176300    
  0.67643017    
  0.89630204    
   1.1440635    
   1.4067286    
   1.6662289    
   1.9011806    
   2.0896637    
   2.2125540    
   2.2567091    
   2.2172854    
   2.0986109    
   1.9134036    
   1.6805273    
   1.4218341    
   1.1588215    
  0.90980560    
  0.68808937    
  0.50130904    
  0.35182807    
  0.23785903    
  0.15490781    
  9.71832722E-02
  5.87319024E-02
  3.41917202E-02
  1.91748794E-02
  1.03588225E-02
  5.39080426E-03
  2.70246039E-03
  1.30507641E-03
  6.07173017E-04
  2.72112724E-04
  1.17488402E-04
  4.88768383E-05
  1.96263645E-05
  7.59044860E-06
  2.78058928E-06
  9.80325922E-07
  3.58092052E-07
  8.22418471E-08
  1.66678238E-09
  9.07086850E-09
 -3.52918583E-09
  4.59638478E-08
  9.06902375E-09
  2.84477704E-08
  7.02393450E-08
  7.96705351E-08
  8.87069405E-08
  7.76484299E-08
  8.17442398E-08
  8.18178094E-08
  3.01775778E-08
 -1.43532269E-10
  2.35609683E-08
  1.65703593E-08
  1.38431462E-08
  4.49256055E-09
  2.86154194E-08
  2.26186607E-08
  1.37419347E-08
  2.77968688E-08
  6.20280218E-08
  1.00271997E-07
  1.39348998E-07
  1.81389254E-07
  2.75845309E-07
  2.64839969E-07
  2.72972471E-07
  2.86284461E-07
  3.39459348E-07
  3.17018760E-07
  2.70310778E-07
  2.07947423E-07
  1.74674341E-07
  1.32218318E-07
  6.40739515E-08
  3.52753879E-08
 -7.06708825E-09
 -5.91880012E-09
  1.05909628E-10
  6.31405825E-08
  1.27488633E-07
  1.92779567E-07
  2.18556707E-07
  2.59567855E-07
  2.95951963E-07
  3.03674113E-07
  2.41131687E-07
  2.11416918E-07
  1.25610711E-07
  4.46736301E-08
 -5.62405269E-08
 -1.33657110E-07
 -2.00435466E-07
 -2.05621305E-07
 -2.15866706E-07
 -1.72595733E-07
 -1.24706176E-07
 -3.15139879E-08
  3.16924940E-08
  1.16218224E-07
  1.28443190E-07
  1.50718506E-07
  2.48380019E-07
  2.07354461E-07
  1.65585988E-07
  1.17491879E-07
  7.27453937E-08
  3.27567626E-08
  1.46556411E-08
 -3.80326739E-08
 -3.67301460E-08
 -8.51475903E-08
 -6.51708234E-08
 -8.60874181E-08
 -1.08489708E-07
 -1.08309578E-07
 -9.83876376E-08
 -7.03683369E-08
 -5.00213027E-08
 -2.52604320E-08
  8.00741375E-08
  9.32758510E-08
  1.56908314E-07
  1.90907784E-07
  2.12840490E-07
  2.46765069E-07
  2.70888819E-07
  2.97457831E-07
  3.39292484E-07
  3.39179650E-07
  3.28206113E-07
  4.17277221E-07
  4.15263855E-07
  4.47990089E-07
  3.82887748E-07
  3.61355006E-07
  2.91646842E-07
  2.17075254E-07
  2.19223793E-07
  1.62751178E-07
  6.75714205E-08
  6.66414408E-08
  3.28516876E-08
  4.82267026E-09
 -2.48711203E-08
 -3.34140680E-08
 -7.84952192E-08
 -7.19356734E-08
 -2.85183930E-08
 -9.69042002E-09
  1.93891516E-08
  4.58026364E-08
  9.49505292E-08
  1.59508033E-07
  1.56066818E-07
  1.86807327E-07
  2.15418254E-07
  2.41261887E-07
  2.23008229E-07
  2.05306080E-07
  1.86600346E-07
  1.63067895E-07
  1.73059732E-07
  2.08875989E-07
  2.52950258E-07
  3.05284118E-07
  3.54407177E-07
  3.84728111E-07
  3.78629267E-07
  4.25914408E-07
  3.25180110E-07
  2.69123120E-07
  1.80471829E-07
  5.82316382E-08
 -4.40529710E-08
 -1.64058349E-07
 -2.41766713E-07
 -2.99282561E-07
 -3.60277198E-07
 -3.76525577E-07
 -3.28212394E-07
 -3.41352660E-07
 -2.67198686E-07
 -1.97153156E-07
 -1.54694931E-07
 -2.21495497E-08
  6.06081798E-08
  1.77540201E-07
  2.58319545E-07
  3.62492131E-07
  3.93694933E-07
  4.57787678E-07
  4.83533995E-07
  4.65928423E-07
  4.17174846E-07
  4.02726727E-07
  3.79315509E-07
  3.81704325E-07
  2.64431492E-07
  2.06211766E-07
  1.86502405E-07
  7.69080799E-08
  5.24363024E-08
 -1.64765019E-08
  6.88305135E-10
 -2.25449899E-08
 -4.08017229E-08
 -3.02803862E-08
 -1.84639859E-08
  3.64236072E-08
  7.70003528E-09
  5.13108205E-08
  1.06576699E-07
  1.40693544E-07
  1.44499737E-07
  1.09506821E-07
  6.86586574E-08
  7.23680458E-08
 -9.80777326E-09
 -3.52224561E-08
 -5.79452788E-08
 -9.67670957E-08
 -1.60202006E-07
 -1.92366201E-07
 -2.03033778E-07
 -2.37695048E-07
 -3.04368882E-07
 -2.71384096E-07
 -2.96695475E-07
 -2.17850996E-07
 -2.56444849E-07
 -1.07547130E-07
 -5.99398788E-08
  8.59136833E-08
  1.68792724E-07
  2.71592427E-07
  3.74671231E-07
  4.44640392E-07
  4.72861046E-07
  5.10138932E-07
  5.01118393E-07
  4.92958236E-07
  4.12424157E-07
  3.39399350E-07
  2.27515017E-07
  1.05903631E-07
  4.14805577E-08
 -3.50858187E-08
 -1.12596851E-07
 -4.91790928E-08
 -3.80097731E-08
 -3.16063620E-08
  1.02461421E-07
  1.43478061E-07
  2.50640028E-07
  3.87512500E-07
  4.47625126E-07
  5.55690860E-07
  6.51233051E-07
  6.61420472E-07
  6.00401563E-07
  6.02274611E-07
  7.68086466E-07
  5.12391466E-07
  5.76122204E-07
  6.09632480E-07
  5.48698949E-07
  3.56806140E-07
  3.72955810E-07
  3.06371533E-07
  1.39585552E-07
  1.20059951E-07
  1.25069832E-07
  5.50498598E-08
  2.78966752E-08
  4.27952891E-08
  6.72782718E-08
  7.09767747E-08
  1.08916261E-07
  1.17524181E-07
  1.24212974E-07
  1.81866156E-07
  1.12954957E-07
  9.28200734E-08
  6.67005864E-08
  6.38953210E-08
 -1.51212731E-08
 -1.92928731E-08
 -7.81146170E-08
 -1.14326696E-07
 -1.78122761E-07
 -2.07149100E-07
 -2.12080593E-07
 -2.42660349E-07
 -1.89428974E-07
 -1.40264405E-07
 -2.28151976E-07
 -1.50525736E-07
 -1.28531127E-07
  1.95345624E-08
  1.01745748E-07
  1.62538726E-07
  2.07053475E-07
  3.10072153E-07
  3.05834163E-07
  3.46918512E-07
  3.63261506E-07
  3.61627542E-07
  3.66446017E-07
  3.36068325E-07
  2.26720303E-07
  1.30161922E-07
  2.26964634E-08
 -3.08948742E-08
 -1.34118608E-07
 -2.36664192E-07
 -2.55465608E-07
 -2.47024502E-07
 -2.60753609E-07
 -1.80827698E-07
 -1.10060640E-07
  4.13765378E-08
  1.44113201E-07
  3.24479345E-07
  4.46145009E-07
  4.73268841E-07
  5.44447971E-07
  7.97733549E-07
  5.97343387E-07
  6.20577850E-07
  6.66382903E-07
  5.58473744E-07
  5.19399521E-07
  4.33811323E-07
  3.72482958E-07
  2.32848421E-07
  2.11437964E-07
  1.11182437E-07
  4.52047857E-08
  7.34382688E-09
 -7.98110804E-08
 -1.05861488E-07
 -1.17118134E-07
 -2.01040351E-07
 -1.52816142E-07
 -1.71388606E-07
 -2.34915419E-07
 -1.32170470E-07
 -1.53909639E-07
 -1.18541564E-07
 -1.26504801E-07
 -1.38593137E-07
 -4.11690522E-08
 -9.42920053E-08
 -8.34166300E-08
 -3.28023795E-08
 -5.98007688E-08
 -1.22872885E-08
 -4.29523972E-08
 -7.39803383E-08
  3.99059559E-08
  5.77918113E-09
  4.11276915E-08
  9.41464293E-08
  7.77017135E-08
  1.64827938E-07
  1.88697953E-07
  2.04181163E-07
  2.58192671E-07
  2.92830862E-07
  3.31731201E-07
  4.09590314E-07
  3.97759834E-07
  4.31968999E-07
  5.28702572E-07
  4.28276337E-07
  4.37247422E-07
  4.11887100E-07
  3.45035630E-07
  3.53467954E-07
  2.53293365E-07
  2.04389693E-07
  1.24122749E-07
  1.85511286E-08
 -9.93210580E-09
 -9.49747658E-08
 -2.40832065E-07
 -1.89048535E-07
 -1.73158327E-07
 -1.32658343E-07
 -4.32996572E-08
 -5.42842713E-08
  8.29465066E-08
 -3.14395088E-08
  4.28901048E-09
 -4.45158115E-08
 -8.21767898E-08
 -1.52620956E-08
 -7.91872949E-08
 -1.83135057E-07
 -1.48130610E-07
 -2.66726857E-07
 -2.78393316E-07
 -2.23573650E-07
 -1.94599295E-07
 -4.47511042E-08
  4.47112711E-08
  1.52714264E-07
  2.79454866E-07
  3.14850865E-07
  4.15466246E-07
  4.08133019E-07
  4.75194810E-07
  4.85026646E-07
  4.66134111E-07
  4.48616305E-07
  4.17129286E-07
  3.01081002E-07
  2.99276337E-07
  2.40156595E-07
  2.42418281E-07
  1.86236917E-07
  4.68993875E-08
  1.08025503E-07
 -1.80178183E-08
 -7.42692876E-08
 -1.21875502E-07
 -1.22203218E-07
 -1.61532697E-07
 -2.19189417E-07
 -2.06289883E-07
 -1.62438894E-07
 -2.06035068E-07
 -1.44070270E-07
 -2.17853895E-07
 -2.20544464E-07
 -1.93316794E-07
 -2.45322639E-07
 -2.04702374E-07
 -1.78150074E-07
 -1.53800741E-07
 -9.66215552E-08
 -5.61224560E-08
 -1.16344296E-07
 -1.41008130E-07
 -1.90774401E-07
 -1.66678390E-07
 -1.72707757E-07
 -1.48713355E-07
 -1.39256954E-07
 -1.43674015E-07
 -1.46073575E-07
 -1.09681615E-07
 -9.47561105E-08
  4.36397274E-09
  4.35764953E-08
  2.73072430E-07
  2.35753348E-07
  1.94523210E-07
  2.59458886E-07
  3.92371931E-07
  4.63054050E-07
  5.27290183E-07
  5.77095250E-07
  6.79205300E-07
  6.29831163E-07
  6.78278013E-07
  6.07547918E-07
  6.26889062E-07
  5.60948251E-07
  5.31995170E-07
  4.82911048E-07
  5.75466629E-07
  4.25392557E-07
  4.40234231E-07
  3.96180809E-07
  5.08448522E-07
  4.97383041E-07
  4.46710715E-07
  4.83377391E-07
  3.15762549E-07
  3.04400317E-07
  1.95166180E-07
  1.78230657E-08
 -2.06625742E-07
 -2.33652216E-07
 -4.47249192E-07
 -4.30985438E-07
 -4.77801393E-07
 -4.73424791E-07
 -3.49020183E-07
 -4.05706544E-07
 -3.34225035E-07
 -2.95570999E-07
 -2.28709169E-07
 -5.95403868E-08
  1.01682973E-08
  2.38435973E-07
  2.84036844E-07
  3.85059707E-07
  4.14747603E-07
  3.79743000E-07
  4.50689186E-07
  4.50308221E-07
  3.90192668E-07
  4.58745944E-07
  4.47589088E-07
  2.75610773E-07
  2.76218657E-07
  2.27062685E-07
 -2.20718874E-08
  7.77654350E-08
 -3.24041736E-07
  7.77654350E-08
  7.77654350E-08
 -3.27756936E-07
 -3.29002944E-07
 -3.30252789E-07
 -7.40778376E-07
  7.77654350E-08
 -3.34025430E-07
 -3.35290707E-07
 -7.50885192E-07
  7.77654350E-08
 -3.39109931E-07
 -1.31312703E-07
 -5.51396226E-07
 -3.42964455E-07
 -5.55268514E-07
 -3.45553900E-07
 -2.40699592E-07
 -2.94918692E-07
 -3.22765914E-07
 -4.17741035E-07
 -4.19263529E-07
 -3.93841731E-07
 -4.59491275E-07
 -2.99300353E-07
 -2.01015666E-07
 -2.63895544E-07
 -1.14434805E-07
 -9.48134229E-08
  5.00474995E-09
  1.56521537E-07
  3.04313431E-07
  4.13319441E-07
  6.72524266E-07
  7.36247159E-07
  7.23060168E-07
  8.36350239E-07
  7.43554040E-07
  7.87874569E-07
  6.25090593E-07
  5.12161705E-07
  5.06321840E-07
  3.25730838E-07
  1.06652195E-07
 -9.40663512E-08
 -2.93733081E-07
 -2.64394487E-07
 -3.67023176E-07
 -4.79639937E-07
 -4.23264254E-07
 -4.08546839E-07
 -4.18032300E-07
 -4.11702757E-07
 -3.88521840E-07
 -4.52530571E-07
 -3.51406385E-07
 -5.06620722E-07
 -5.41033444E-07
 -6.40604185E-07
 -6.12426845E-07
 -5.90232560E-07
 -5.49773858E-07
 -5.17195531E-07
 -3.00629210E-07
 -2.42684592E-07
 -2.16321624E-07
 -4.36122889E-08
 -4.75944972E-08
 -1.64736747E-07
  2.87230677E-07
  2.20263985E-07
  4.89753859E-07
  5.51452729E-07
  4.12860260E-07
  5.28777321E-07
  5.15948670E-07
  5.71464000E-07
  4.40583676E-07
  5.52794631E-07
  5.47123136E-07
  4.16986069E-07
  4.14626356E-07
  3.79171667E-07
  4.47883423E-07
  2.69492972E-07
  3.43841947E-07
  4.74668042E-07
  5.83342398E-07
  5.84244617E-07
  6.53782195E-07
  5.44214856E-07
  5.56316479E-07
  4.71315758E-07
  4.59341095E-07
  5.90719083E-07
  4.94922404E-07
  6.23932010E-07
  5.22572748E-07
  4.98614838E-07
  5.10807297E-07
  3.02389537E-07
  2.99061838E-07
  4.01376070E-07
  1.83713780E-07
 -3.55759222E-09
 -1.45854855E-07
 -1.05403565E-07
 -2.52364543E-07
 -3.98635621E-07
 -4.99463567E-07
 -5.95877793E-07
 -5.59263469E-07
 -8.09996038E-07
 -8.40875202E-07
 -7.61198805E-07
 -5.32649892E-07
 -4.74131724E-07
 -2.75493306E-07
 -1.95278318E-07
  1.50310029E-07
  3.01283791E-07
  4.27377927E-07
  5.11416715E-07
  6.90417096E-07
  6.60740909E-07
  6.70104555E-07
  5.60360832E-07
  7.24604547E-07
  4.70855923E-07
  3.05534570E-07
  4.14886934E-08
  6.85058467E-07
  5.77692219E-07
  8.41435337E-07
  9.84826897E-07
  1.36005735E-06
  7.67047652E-07
  8.40968255E-07
  7.56563168E-07
  7.56073234E-07
  5.93489460E-07
  4.68261703E-07
  2.61541061E-07
 -7.12660579E-08
 -1.84011427E-07
 -3.20176298E-07
 -5.04510183E-07
 -5.38937456E-07
 -6.28878809E-07
 -6.59943680E-07
 -7.90085096E-07
 -9.36910283E-07
 -7.14689918E-07
 -8.05258651E-07
 -5.51366270E-07
 -4.34863040E-07
 -2.35966397E-07
 -3.61702149E-07
 -2.10878426E-07
 -4.98822956E-08
 -6.28648920E-08
  3.09805984E-07
  2.94042849E-07
  2.67771242E-07
  3.59811452E-07
  2.97421650E-07
  2.11224631E-07
  6.57272778E-07
  5.45864623E-07
  6.50685251E-07
  4.91938408E-07
  5.84164809E-07
  6.23178721E-07
  5.38435415E-07
  5.36675827E-07
  7.12887129E-07
  6.94152845E-07
  8.20212904E-07
  7.45722900E-07
  7.42103396E-07
  7.92920048E-07
  6.68862413E-07
  4.91926187E-07
  5.77811250E-07
  5.22567291E-07
  3.91529142E-07
  3.48150763E-07
  1.15600500E-07
 -4.62504381E-08
 -2.38908143E-07
 -4.73325457E-07
 -6.75753654E-07
 -8.03887247E-07
 -1.03161835E-06
 -1.25737949E-06
 -1.25514225E-06
 -1.45321280E-06
 -1.87027729E-06
 -1.29698219E-06
 -1.66398797E-06
 -1.51475558E-06
 -1.12183852E-06
 -9.00011685E-07
 -1.33921588E-07
  1.73808942E-07
  7.24609095E-07
  1.01820694E-06
  1.07141966E-06
  1.28819011E-06
  1.35713788E-06
  1.06696007E-06
  9.86894293E-07
  7.39589268E-07
  4.46820536E-07
  5.18243866E-08
 -4.33243883E-07
 -4.39107396E-07
 -7.96068719E-07
 -9.67656433E-07
 -8.57761790E-07
 -8.92723961E-07
 -8.52964206E-07
 -6.72380622E-07
 -5.48288654E-07
 -2.81962514E-07
  5.45633334E-08
  2.07878784E-07
  7.29601254E-07
  9.77835384E-07
  1.42926672E-06
  1.25936481E-06
  1.38724283E-06
  1.37746895E-06
  1.13077465E-06
  1.41096541E-06
  1.18907315E-06
  1.17858178E-06
  8.86241537E-07
  7.26209862E-07
  6.33926732E-07
  3.83617447E-07
  3.02911332E-07
  2.41175087E-07
  5.17111864E-08
 -1.02519756E-07
 -3.47965994E-08
 -2.90261006E-08
 -2.76546537E-08
  1.76279542E-07
  3.98660376E-08
  3.32678951E-07
  3.94226731E-07
  3.07408584E-07
  1.22051645E-07
  1.25261948E-07
 -3.79492207E-07
 -4.53278744E-07
 -9.07437368E-07
 -1.84040550E-06
 -2.43629529E-06
 -2.44530520E-06
 -2.34528193E-06
 -2.91332981E-06
 -3.22266305E-06
 -2.48069932E-06
 -3.09630695E-06
 -3.08753920E-06
 -2.71367026E-06
 -2.39759061E-06
 -2.05948891E-06
 -1.50983442E-06
 -8.43985788E-07
 -2.77187297E-07
  8.48269863E-08
  6.54678615E-07
  7.13855798E-07
  8.15352735E-07
  7.08672644E-07
  4.77570552E-07
 -8.56107629E-09
 -3.45840228E-08
 -5.33308537E-07
 -1.01419573E-06
 -1.50758797E-06
 -1.95136317E-06
 -2.38340203E-06
 -2.43112913E-06
 -2.48640708E-06
 -2.17101137E-06
 -1.40153418E-06
 -1.07267067E-06
 -7.42595034E-07
  1.60568149E-07
  2.43696206E-07
  1.12627947E-06
  1.35638788E-06
  1.97783243E-06
  2.18767082E-06
  2.18440050E-06
  2.40122426E-06
  2.34438721E-06
  1.79980702E-06
  1.75195771E-06
  1.50486085E-06
  1.28038937E-06
  1.06962750E-06
  6.86493138E-07
  6.39671100E-07
  5.67550956E-07
  5.14588862E-07
  1.80923848E-07
 -2.63559023E-08
  1.84448666E-07
  1.20652771E-07
  2.42780288E-07
  5.54685073E-07
  8.02607872E-07
  8.84834037E-07
  1.27689395E-06
  1.20887967E-06
  1.25637087E-06
  1.22853510E-06
  1.02629815E-06
  8.71503119E-07
  1.07079097E-06
 -2.15252570E-07
 -3.69301148E-07
 -4.65515996E-07
 -1.48461561E-06
 -1.41489772E-06
 -2.13220528E-06
 -2.43086879E-06
 -2.43262662E-06
 -2.73045839E-06
 -2.67609425E-06
 -2.57922443E-06
 -1.93677101E-06
 -1.42314536E-06
 -7.19534057E-07
  6.20475171E-10
  6.25644191E-07
  1.64698542E-06
  2.24128553E-06
  2.99490603E-06
  3.47328069E-06
  3.84270697E-06
  4.03557578E-06
  3.66314771E-06
  3.56251098E-06
  2.95127484E-06
  2.41850626E-06
  1.62886386E-06
  5.83900430E-07
 -1.44403089E-07
 -9.76082447E-07
 -1.82880478E-06
 -2.42529018E-06
 -2.55174859E-06
 -2.59019225E-06
 -2.33382002E-06
 -1.64931612E-06
 -1.56326394E-06
 -8.58732335E-07
 -7.30396778E-07
 -6.13957809E-07
 -6.25532721E-07
 -9.20235266E-07
 -9.36940410E-07
 -1.31131640E-06
 -1.09762595E-06
 -1.11314591E-06
 -1.06146285E-06
 -6.09940116E-07
 -2.05741188E-07
  1.76679237E-07
  6.72223393E-07
  1.12988175E-06
  1.03427715E-06
  1.34611321E-06
  1.29913599E-06
  1.57969737E-06
  1.38236953E-06
  1.21497578E-06
  8.89666978E-07
  1.21594769E-06
  4.38278079E-07
  4.93219261E-07
  3.55840456E-07
  6.34104467E-08
 -1.57518957E-06
 -1.60149739E-06
 -2.34096251E-06
 -2.37844824E-06
 -1.38933081E-06
 -1.71941713E-06
 -2.56409771E-06
 -2.52582254E-06
 -2.27463056E-06
 -2.05881020E-06
 -2.22361837E-06
 -2.18983223E-06
