   0.0000000    
  4.89849924E-07
  1.81340806E-06
  5.42793669E-06
  1.46749908E-05
  3.74652409E-05
  9.14554184E-05
  2.14526954E-04
  4.84268559E-04
  1.05247123E-03
  2.20306218E-03
  4.44214139E-03
  8.62788782E-03
  1.61426179E-02
  2.90941224E-02
  5.05125932E-02
  8.44808072E-02
  0.13610667    
  0.21123444    
  0.31580168    
  0.45480835    
  0.63096696    
  0.84323597    
   1.0855653    
   1.3462543    
   1.6082833    
   1.8508120    
   2.0517590    
   2.1910627    
   2.2539670    
   2.2335956    
   2.1321900    
   1.9607021    
   1.7368472    
   1.4820945    
   1.2183006    
  0.96471149    
  0.73587608    
  0.54072481    
  0.38274726    
  0.26098290    
  0.17142586    
  0.10846886    
  6.61146492E-02
  3.88198867E-02
  2.19570454E-02
  1.19634932E-02
  6.27914583E-03
  3.17462999E-03
  1.54609524E-03
  7.25301681E-04
  3.27686808E-04
  1.42521254E-04
  5.96208374E-05
  2.39453402E-05
  9.17178477E-06
  3.21320863E-06
  9.53171423E-07
  1.74259156E-07
 -1.83861061E-07
 -2.68877869E-07
 -3.36437125E-07
 -2.95021067E-07
 -3.14289565E-07
 -2.75321412E-07
 -2.78911841E-07
 -2.43267095E-07
 -2.46136295E-07
 -2.25503982E-07
 -2.40007694E-07
 -2.24219008E-07
 -2.39605896E-07
 -2.71027943E-07
 -2.73936763E-07
 -2.64122406E-07
 -2.86350655E-07
 -3.00943839E-07
 -2.82155327E-07
 -2.61462418E-07
 -2.58978218E-07
 -2.70875319E-07
 -2.78570440E-07
 -2.84316457E-07
 -2.47205691E-07
 -2.41329957E-07
 -2.24796949E-07
 -1.72037630E-07
 -2.14585413E-07
 -2.02899258E-07
 -1.66624758E-07
 -1.87206524E-07
 -1.61885922E-07
 -1.77934936E-07
 -1.84498020E-07
 -1.90617641E-07
 -2.24170790E-07
 -2.60184663E-07
 -2.68503726E-07
 -2.23416833E-07
 -2.54951431E-07
 -2.40785795E-07
 -2.64263605E-07
 -2.32859534E-07
 -2.27812933E-07
 -2.53398611E-07
 -2.04524511E-07
 -2.05730004E-07
 -2.01575673E-07
 -1.94376653E-07
 -1.95567523E-07
 -2.21953897E-07
 -2.16997989E-07
 -2.71093057E-07
 -2.92042103E-07
 -3.13599628E-07
 -3.17531118E-07
 -3.45021448E-07
 -3.30657400E-07
 -3.54736670E-07
 -3.06533167E-07
 -3.05907463E-07
 -3.04057494E-07
 -2.70455445E-07
 -2.62523400E-07
 -2.57608178E-07
 -2.53415351E-07
 -2.48551487E-07
 -2.54168469E-07
 -2.69516562E-07
 -2.54753388E-07
 -2.52953583E-07
 -2.77004489E-07
 -2.74701534E-07
 -2.88475945E-07
 -2.93036123E-07
 -2.92274109E-07
 -2.87640972E-07
 -3.20752406E-07
 -2.86239640E-07
 -2.96597705E-07
 -2.91809499E-07
 -3.04151826E-07
 -2.80061101E-07
 -2.57430656E-07
 -2.74136625E-07
 -2.47660779E-07
 -2.18498073E-07
 -1.92167875E-07
 -2.23108870E-07
 -2.19361112E-07
 -2.01384665E-07
 -1.84296908E-07
 -2.43001807E-07
 -2.61228166E-07
 -2.17329955E-07
 -2.42446333E-07
 -2.34212123E-07
 -2.01712766E-07
 -2.72127949E-07
 -2.73099971E-07
 -2.46438674E-07
 -2.34904022E-07
 -2.87712055E-07
 -3.08762196E-07
 -3.00246370E-07
 -2.91396304E-07
 -2.94799207E-07
 -3.07197837E-07
 -3.01851031E-07
 -2.88818256E-07
 -2.86137663E-07
 -2.60193048E-07
 -2.97422503E-07
 -3.06721205E-07
 -2.59546596E-07
 -2.40721334E-07
 -2.35789628E-07
 -2.15539913E-07
 -2.11127201E-07
 -2.09733827E-07
 -2.12609663E-07
 -2.28694105E-07
 -2.19525205E-07
 -2.25611217E-07
 -2.44508044E-07
 -2.42536203E-07
 -2.40710619E-07
 -1.97752584E-07
 -2.26968623E-07
 -1.73757130E-07
 -1.76350071E-07
 -1.78724221E-07
 -2.09302485E-07
 -1.81407799E-07
 -2.06451745E-07
 -2.06792066E-07
 -2.59262464E-07
 -3.08018940E-07
 -3.18935491E-07
 -3.30617127E-07
 -3.68127075E-07
 -3.83158863E-07
 -3.86033406E-07
 -3.90678338E-07
 -3.65790640E-07
 -3.73867493E-07
 -2.98718390E-07
 -2.96434450E-07
 -3.19462799E-07
 -2.59393516E-07
 -2.43488131E-07
 -1.92376262E-07
 -1.87088119E-07
 -2.01814316E-07
 -1.52299862E-07
 -1.47484030E-07
 -1.88926023E-07
 -1.63879236E-07
 -1.93508086E-07
 -2.13792845E-07
 -2.50302492E-07
 -2.16940165E-07
 -2.53667707E-07
 -2.41272119E-07
 -2.45757235E-07
 -2.66240619E-07
 -2.95956056E-07
 -2.82981347E-07
 -2.91652981E-07
 -2.62227644E-07
 -2.67851902E-07
 -2.85717903E-07
 -2.64686861E-07
 -2.52530100E-07
 -2.86793579E-07
 -2.43168785E-07
 -2.44804710E-07
 -2.14035595E-07
 -2.16110521E-07
 -2.16610303E-07
 -2.36436307E-07
 -2.36006940E-07
 -2.72652585E-07
 -2.59683276E-07
 -2.94586386E-07
 -2.90138559E-07
 -3.19662234E-07
 -3.15398381E-07
 -2.98164736E-07
 -3.36682319E-07
 -3.62439607E-07
 -3.68565509E-07
 -3.70644528E-07
 -3.69378085E-07
 -3.06086804E-07
 -3.12067584E-07
 -2.99955815E-07
 -2.29395269E-07
 -2.13844189E-07
 -1.76250794E-07
 -1.62418658E-07
 -1.73743487E-07
 -1.71211738E-07
 -1.49823734E-07
 -1.82844914E-07
 -1.95773609E-07
 -2.03681907E-07
 -2.23014496E-07
 -2.61188177E-07
 -3.08726129E-07
 -3.05353609E-07
 -3.10685607E-07
 -2.98453415E-07
 -2.82907990E-07
 -2.72410432E-07
 -2.72784291E-07
 -2.64134883E-07
 -2.14216598E-07
 -1.36371298E-07
 -2.56970054E-08
 -8.12010725E-08
 -7.49052589E-08
 -7.31839549E-08
  7.42827382E-08
 -1.26522963E-07
 -7.42503588E-08
 -4.83818887E-08
 -1.48171935E-07
 -4.00075457E-08
 -4.03268352E-08
 -8.04330327E-08
 -1.86532660E-07
 -1.98941066E-07
 -1.80290613E-07
 -1.94454444E-07
 -2.57478462E-07
 -2.71413313E-07
 -2.73573733E-07
 -2.41054835E-07
 -2.82621983E-07
 -2.86930799E-07
 -2.73151272E-07
 -2.66972648E-07
 -2.57841009E-07
 -2.72554530E-07
 -2.78562567E-07
 -2.70327490E-07
 -3.10943904E-07
 -2.87404987E-07
 -3.15160548E-07
 -2.80088102E-07
 -3.24585500E-07
 -3.64957089E-07
 -3.45305438E-07
 -3.77793498E-07
 -3.60606379E-07
 -3.18117458E-07
 -3.77249364E-07
 -3.29826833E-07
 -2.95292892E-07
 -3.02703086E-07
 -3.27886227E-07
 -2.77892042E-07
 -3.09966595E-07
 -2.36776302E-07
 -2.18886143E-07
 -2.26495033E-07
 -1.86201362E-07
 -2.19133696E-07
 -1.89853708E-07
 -1.85246336E-07
 -2.01815354E-07
 -1.98410362E-07
 -2.00581397E-07
 -2.52310286E-07
 -2.64144830E-07
 -3.06693579E-07
 -3.07554984E-07
 -3.10838374E-07
 -3.15743165E-07
 -3.05315467E-07
 -3.01130797E-07
 -2.95882643E-07
 -3.06882299E-07
 -2.74966027E-07
 -2.17017813E-07
 -2.04645090E-07
 -1.54119761E-07
 -2.58928310E-07
 -1.21142278E-07
 -1.30813291E-07
 -9.85381590E-08
 -5.72785730E-08
 -1.47666768E-07
 -1.63425625E-07
 -1.67514145E-07
 -1.78798871E-07
 -1.97897094E-07
 -2.01600372E-07
 -2.29642552E-07
 -2.68616475E-07
 -2.81849822E-07
 -2.18262528E-07
 -2.95345984E-07
 -2.98731010E-07
 -3.21380924E-07
 -3.27744345E-07
 -2.96583039E-07
 -3.27284511E-07
 -3.17498802E-07
 -2.49776548E-07
 -3.15221115E-07
 -2.69502038E-07
 -2.96055390E-07
 -2.88326873E-07
 -3.03495398E-07
 -2.85579887E-07
 -2.49158575E-07
 -2.18542908E-07
 -2.89874805E-07
 -2.32407174E-07
 -3.26034950E-07
 -2.91142385E-07
 -2.66443152E-07
 -2.99550464E-07
 -2.34392445E-07
 -2.60041162E-07
 -1.79218191E-07
 -2.63969582E-07
 -1.95195526E-07
 -1.97624402E-07
 -1.96462693E-07
 -1.77560409E-07
 -1.92729360E-07
 -1.79457174E-07
 -1.22347458E-07
 -1.70412832E-07
 -1.30123595E-07
 -1.28851511E-07
 -1.48802087E-07
 -1.49780305E-07
 -1.43117788E-07
 -1.39659420E-07
 -1.37129121E-07
 -1.85291071E-07
 -2.01784687E-07
 -2.56523549E-07
 -2.78868754E-07
 -3.18350885E-07
 -3.57737889E-07
 -3.97436651E-07
 -4.11797828E-07
 -2.24466177E-07
 -3.38132708E-07
 -2.12847581E-07
 -3.57351183E-07
 -4.55873987E-07
 -3.38657742E-07
 -4.86814656E-07
 -3.59280989E-07
 -3.62173125E-07
 -2.92933066E-07
 -3.71044393E-07
 -3.26660910E-07
 -3.32472325E-07
 -3.24305375E-07
 -2.94632542E-07
 -2.99238678E-07
 -2.94394368E-07
 -2.03375066E-07
 -1.90132155E-07
 -1.77994693E-07
 -1.79397077E-07
 -9.76968124E-08
 -1.07410187E-07
 -1.33741381E-07
 -1.12191906E-07
 -1.42021960E-07
 -7.72732491E-08
 -1.80388042E-07
 -1.63666144E-07
 -1.08637892E-07
 -1.65840149E-07
 -1.52348576E-07
 -1.79371568E-07
 -2.11315296E-07
 -2.52647482E-07
 -2.59218609E-07
 -2.56598668E-07
 -2.31160627E-07
 -3.08460869E-07
 -2.41074986E-07
 -2.78040403E-07
 -3.07741374E-07
 -2.95045908E-07
 -3.05803553E-07
 -2.87674169E-07
 -3.86179096E-07
 -3.16519447E-07
 -2.96855944E-07
 -3.55211455E-07
 -3.05359379E-07
 -3.77782982E-07
 -3.59415765E-07
 -3.35742754E-07
 -3.71083019E-07
 -3.13485600E-07
 -2.56668983E-07
 -2.56831669E-07
 -2.74671066E-07
 -3.01533873E-07
 -2.95132338E-07
 -3.11412663E-07
 -2.20088126E-07
 -3.23954112E-07
 -1.73045493E-07
 -4.37313901E-07
 -3.28475863E-07
 -3.83113303E-07
 -2.39431586E-07
 -2.06160465E-07
 -1.10639483E-07
 -1.19437331E-07
 -2.46864403E-07
 -1.56299777E-07
 -1.84910945E-07
 -1.34295533E-07
 -1.30018265E-07
 -1.31328918E-07
 -1.06287509E-07
 -1.01104170E-07
 -9.27611694E-08
 -1.81986223E-07
 -2.09758269E-07
 -1.62022999E-07
 -1.56134334E-07
 -1.70470571E-07
 -1.56161136E-07
 -1.42106543E-07
 -1.31221114E-07
 -1.10501325E-07
 -1.91145531E-07
 -2.00572131E-07
 -2.14675183E-07
 -1.86595017E-07
 -2.80308512E-07
 -3.13026817E-07
 -1.98850799E-07
 -2.97232788E-07
 -4.57718926E-07
 -4.23205989E-07
 -4.62673199E-07
 -3.98806833E-07
 -3.37141387E-07
 -4.32814574E-07
 -3.03938435E-07
 -3.14141658E-07
 -2.72962865E-07
 -2.41329815E-07
 -2.46325783E-07
 -2.39856462E-07
 -1.93374049E-07
 -1.48410734E-07
 -1.44006677E-07
 -1.73855526E-07
 -2.17875737E-07
 -1.92018376E-07
 -9.32925843E-08
 -2.24524285E-07
 -1.11132564E-07
 -7.27937959E-08
 -1.86185147E-07
 -1.09736064E-07
  4.36318999E-08
 -2.62167305E-07
  4.55139855E-08
  4.64593768E-08
  4.74076671E-08
  3.58885075E-07
  3.60793308E-07
 -2.62167305E-07
  3.64627454E-07
  3.66553365E-07
  5.31589421E-08
 -2.62167305E-07
  5.50996617E-08
  5.60744979E-08
  5.70523468E-08
  5.80331800E-08
  5.90170259E-08
 -2.62167305E-07
 -1.81377033E-07
 -3.43205812E-07
 -2.62167305E-07
 -3.43704585E-07
 -3.23508175E-07
 -3.54461321E-07
 -4.16463280E-07
 -4.19516880E-07
 -2.84160421E-07
 -4.07508423E-07
 -3.74762266E-07
 -3.36101181E-07
 -2.58647532E-07
 -2.27025524E-07
 -2.84208710E-07
 -1.82993730E-07
 -8.48544701E-08
 -1.02857925E-07
 -1.26977426E-07
 -1.12640762E-07
  1.13538270E-07
 -3.36974040E-08
 -1.02471553E-07
 -1.44165204E-08
 -5.51889165E-08
 -1.28016723E-07
 -1.24577895E-07
 -3.08275588E-07
 -2.43460448E-07
 -3.28936949E-07
 -3.77062833E-07
 -3.69032421E-07
 -3.82459945E-07
 -4.65069576E-07
 -4.02140046E-07
 -3.42305839E-07
 -3.99550032E-07
 -4.19423770E-07
 -3.71815503E-07
 -3.79939650E-07
 -3.20965967E-07
 -3.60426867E-07
 -4.04341819E-07
 -3.77638429E-07
 -4.91965977E-07
 -4.26664798E-07
 -3.41224393E-07
 -3.54798317E-07
 -2.99501721E-07
 -3.77533155E-07
 -2.49540079E-07
 -3.49863370E-07
 -3.37873558E-07
 -5.15034174E-07
 -3.04112035E-07
 -4.54600581E-07
 -2.47587536E-07
 -1.35616602E-07
 -2.16842054E-07
 -1.17409101E-07
 -1.23828656E-07
 -2.00443239E-07
 -1.85481369E-07
 -1.42108306E-07
 -2.07555473E-07
 -1.49628434E-07
 -1.86806417E-07
 -1.56750531E-07
 -1.30902365E-07
 -1.99455130E-07
 -1.61766962E-07
 -2.22737157E-07
 -1.45986860E-07
 -1.53128326E-07
 -1.42756321E-07
 -1.10298366E-07
 -7.94179016E-08
 -1.21168839E-07
 -2.41882844E-07
 -1.83099402E-07
 -1.54840208E-07
 -1.09463635E-07
 -1.84368449E-08
  1.19409327E-08
 -9.01897437E-08
 -1.01002193E-07
 -1.00980230E-07
 -2.10411855E-07
 -2.14748795E-07
 -2.59988269E-07
 -3.42947089E-07
 -3.37238504E-07
 -3.67151529E-07
 -3.39439282E-07
 -4.59769808E-07
 -4.13249097E-07
 -5.21491529E-07
 -3.86031559E-07
 -3.95311957E-07
 -4.55330451E-07
 -4.01687032E-07
 -3.65338082E-07
 -3.48228980E-07
 -2.93656967E-07
 -2.72994839E-07
 -2.06547256E-07
 -1.79138524E-07
 -6.31571666E-08
 -3.70928070E-08
 -2.53488480E-10
 -4.48262441E-08
 -1.87675539E-07
 -2.44806074E-07
 -2.88020459E-07
 -3.02826237E-07
 -2.36033941E-07
 -2.94546169E-07
 -1.78811518E-07
 -1.45833823E-07
 -4.67018566E-08
 -1.82970197E-07
 -5.18800221E-07
 -3.69563821E-07
 -4.39816858E-07
 -3.58621406E-07
 -2.40383457E-07
 -1.45664117E-07
 -3.03043294E-07
 -3.24844081E-07
 -2.87473455E-07
 -4.05902682E-07
 -3.02384336E-07
 -3.81279136E-07
 -5.02284877E-07
 -5.16829061E-07
 -5.14140424E-07
 -5.52102847E-07
 -3.95468305E-07
 -5.35063975E-07
 -3.74257183E-07
 -2.90602856E-07
 -4.75747413E-07
 -3.44396909E-07
 -3.62548860E-07
 -3.75975588E-07
 -8.93302641E-08
 -1.31728598E-07
 -7.55856462E-08
 -1.43200282E-07
 -2.09894196E-07
 -2.46160027E-07
 -3.26076787E-07
 -1.56721782E-07
 -1.37459452E-07
  1.25392408E-08
 -2.08500708E-07
  2.20561063E-08
 -7.22000024E-08
 -1.03998872E-07
 -1.66036656E-07
 -5.48391945E-08
 -2.01794819E-07
 -7.70638025E-08
  5.34877422E-08
 -7.48599263E-08
 -9.72703518E-09
 -7.50606119E-08
 -1.97005235E-07
 -9.59204840E-08
 -1.16359480E-07
 -4.73915733E-08
 -1.47726013E-07
 -9.83044401E-08
 -1.56991646E-07
 -2.12907494E-07
 -3.04981143E-07
 -4.28655625E-07
 -4.31269257E-07
 -2.83854575E-07
 -4.79868277E-07
 -5.06505785E-07
 -8.43430712E-07
 -7.02380817E-07
 -6.37871779E-07
 -5.98155793E-07
 -5.42646319E-07
 -4.57551465E-07
 -7.89108185E-07
 -3.15277077E-07
 -1.31839656E-07
 -1.53986520E-07
 -6.12420408E-08
 -1.18205117E-08
 -8.43414369E-08
  2.04081488E-07
  2.35416273E-08
 -5.89257070E-08
 -1.82050869E-07
 -9.38254843E-08
 -3.77624360E-07
 -4.77968456E-07
 -4.99685484E-07
 -5.93528910E-07
 -5.02683406E-07
 -6.62556772E-07
 -5.39513962E-07
 -5.38160805E-07
 -5.48226126E-07
 -4.20011105E-07
 -3.64248962E-07
 -3.07561777E-07
 -1.34019814E-07
 -1.32556863E-07
 -5.80443924E-08
 -1.13410863E-07
  1.54957533E-07
  2.44190375E-07
  2.76914438E-08
  1.54130131E-08
 -8.70479582E-08
 -1.80195755E-07
 -1.00350192E-07
 -1.75969262E-07
 -1.42633510E-07
 -3.06745449E-07
 -2.54157669E-07
 -2.08445528E-07
 -4.32052047E-07
 -3.89528026E-07
 -5.57411852E-07
 -3.50081535E-07
 -4.44189908E-07
 -3.37431089E-07
 -2.94019884E-07
 -2.45211595E-07
 -2.12894278E-07
 -2.11096008E-07
 -8.55427373E-08
  1.77867122E-07
  1.41842506E-07
  6.24794268E-07
  2.21113126E-07
  1.94987805E-07
  1.90880186E-07
  8.52007588E-07
  4.55842610E-07
  2.08604419E-07
  8.83922056E-08
 -8.10524398E-07
  5.65957023E-08
  6.23945198E-08
 -4.38388270E-07
 -6.25995995E-07
 -5.66307278E-07
 -3.03803802E-07
 -4.11239085E-07
 -2.84722205E-07
 -3.06559684E-07
 -2.07298470E-07
 -5.07703355E-08
 -5.16601375E-08
 -1.43046407E-07
 -1.52929019E-07
 -1.37217114E-07
 -2.82978220E-07
 -4.99662860E-07
 -5.75849242E-07
 -6.62487651E-07
 -7.31649607E-07
 -9.00572445E-07
 -1.03614502E-06
 -8.67097810E-07
 -1.03475031E-06
 -6.63880883E-07
 -6.72207761E-07
 -5.94211315E-07
 -5.11812289E-07
 -2.79592996E-07
 -1.58763527E-07
  3.48739690E-07
  3.15633173E-07
  8.82699069E-08
  2.72743733E-07
  2.39223567E-07
  4.23749270E-07
  1.69924334E-07
  1.57331726E-07
  2.24249249E-07
  2.13834976E-08
  3.17590661E-07
 -9.93937661E-08
 -2.15891049E-07
 -1.43481831E-08
 -3.87015064E-07
 -3.23541627E-07
 -2.30050830E-07
 -2.12539774E-07
 -2.04288128E-07
 -2.56433196E-07
 -3.47085830E-07
 -2.69892467E-07
 -2.36911305E-07
 -7.97604542E-08
  1.46548686E-07
 -1.66418388E-07
  1.02333457E-08
 -1.06743848E-07
 -1.43261175E-07
 -2.59063995E-07
 -5.36598407E-07
 -8.04923843E-07
 -8.80724372E-07
 -6.98457200E-07
 -9.49278103E-07
 -9.76962610E-07
 -8.45716329E-07
 -8.05226989E-07
 -9.07493245E-07
 -1.27788974E-06
 -9.73943770E-07
 -1.01506635E-06
 -8.43156329E-07
 -5.37431504E-07
 -5.89564365E-07
 -3.32046000E-07
 -2.56024350E-07
  5.21165822E-09
  4.77102503E-07
  4.57905827E-07
  4.93880236E-07
  5.63971128E-07
  5.41104384E-07
  6.39318898E-07
  4.42749837E-07
  3.45749640E-07
  7.37015711E-08
  7.65924284E-08
 -2.27583726E-07
 -3.66792705E-07
 -6.22804123E-07
 -8.60391935E-07
 -8.26503083E-07
 -6.97026110E-07
 -8.25168911E-07
 -7.74809052E-07
 -8.53572374E-07
 -8.06162916E-07
 -5.53530811E-07
 -3.20956161E-07
 -3.44668280E-07
 -3.88929266E-07
 -5.70373345E-07
 -5.43222143E-07
 -3.94375121E-07
 -2.64801201E-07
 -4.40055032E-07
 -5.25125927E-07
 -4.36275030E-07
 -6.51801656E-07
 -3.41810050E-07
 -2.85193352E-07
 -3.74749876E-09
  5.64597258E-08
  2.19670540E-07
  1.25389150E-07
  1.14413361E-07
  8.97906016E-09
 -9.76450494E-08
 -4.20748059E-08
 -1.37403930E-07
 -7.28709438E-07
 -1.15046544E-06
 -6.91165440E-07
 -9.21278172E-07
 -7.89709077E-07
 -8.66894197E-07
 -8.86873522E-07
 -9.88181682E-07
 -2.00735258E-06
 -1.62346419E-06
 -1.16560670E-06
 -1.50723622E-06
 -1.10456494E-06
 -8.74179420E-07
 -9.13878750E-07
 -6.34300989E-07
 -6.86996657E-07
 -4.93215907E-07
 -4.07948420E-07
 -2.74444943E-07
 -3.68376789E-07
 -2.17746944E-07
 -1.69181774E-07
  3.02647898E-08
  2.11742829E-07
  3.60038314E-07
  2.48424413E-07
  3.58392327E-07
  2.71485646E-07
 -1.74897167E-07
 -3.80680589E-08
  3.28942946E-07
  1.85110551E-07
  1.94374422E-07
 -7.55780860E-08
  8.78248869E-08
 -1.14376263E-07
 -4.80437393E-07
 -3.62204872E-07
 -6.59789293E-07
 -6.26893325E-07
 -7.11424093E-07
 -4.71395538E-07
 -4.24524167E-08
  2.90852569E-07
  2.74739364E-07
  8.18590820E-07
  7.47740785E-07
  9.11996267E-07
  5.02688238E-07
 -7.10166717E-08
 -2.64905310E-07
 -4.95292625E-07
 -9.84185704E-07
 -7.91172852E-07
 -7.96787560E-07
 -8.47401964E-07
 -1.06628181E-06
 -1.07925109E-06
 -8.31903094E-07
 -6.62093385E-07
 -1.85551272E-07
 -1.77619171E-07
 -7.07304864E-08
  1.31426887E-07
 -4.56671728E-07
 -2.98180652E-07
 -8.51378957E-07
 -7.33021636E-07
 -1.94382255E-06
 -2.26208817E-06
 -9.73609190E-07
 -1.57898535E-06
 -1.60936452E-06
 -1.69364932E-06
 -1.55180089E-06
 -1.30994476E-06
 -1.16485944E-06
 -1.02930483E-06
 -3.70667237E-07
 -1.63329375E-07
 -6.83231292E-07
 -2.10590287E-07
 -1.53648060E-07
  3.27381464E-08
 -5.86492831E-07
 -1.45073598E-08
  1.47874772E-07
  4.51280130E-07
 -5.59481521E-07
 -3.36546634E-07
 -3.65543826E-07
 -1.80968485E-07
 -4.91983599E-07
 -6.96830043E-08
  4.89443494E-07
  7.07682830E-07
  5.18715240E-07
  1.19129061E-06
  1.59602575E-06
  1.85895556E-06
  1.87149885E-06
  2.92433015E-06
